Using pre-set license
Built from '2020.3/staging' branch; Version is '2020.3.21f1 (a38c86f6690f) revision 10718342'; Using compiler version '192528614'; Build Type 'Release'
OS: 'Windows 7  (6.1.0) 64bit' Language: 'zh' Physical Memory: 16294 MB
BatchMode: 1, IsHumanControllingUs: 0, StartBugReporterOnCrash: 0, Is64bit: 1, IsPro: 0

COMMAND LINE ARGUMENTS:
D:\Unity\Editor\2020.3.21f1\Editor\Unity.exe
-adb2
-batchMode
-noUpm
-name
AssetImportWorker0
-projectPath
E:/code/LearnShader/C03
-logFile
Logs/AssetImportWorker0.log
-srvPort
54045
Successfully changed project path to: E:/code/LearnShader/C03
E:/code/LearnShader/C03
Using Asset Import Pipeline V2.
Refreshing native plugins compatible for Editor in 37.43 ms, found 2 plugins.
Preloading 0 native plugins for Editor in 0.00 ms.
Initialize engine version: 2020.3.21f1 (a38c86f6690f)
[Subsystems] Discovering subsystems at path D:/Unity/Editor/2020.3.21f1/Editor/Data/Resources/UnitySubsystems
[Subsystems] Discovering subsystems at path E:/code/LearnShader/C03/Assets
GfxDevice: creating device client; threaded=0
d3d11: CreateDXGIFactory2(...) not found, fallbacking to CreateDXGIFactory1(...).
d3d11: QueryInterface(IDXGIFactory5) failed (80004002).
Direct3D:
    Version:  Direct3D 11.0 [level 11.0]
    Renderer: NVIDIA GeForce GTX 1650 (ID=0x1f82)
    Vendor:   
    VRAM:     3950 MB
    Driver:   27.21.14.6589
Initialize mono
Mono path[0] = 'D:/Unity/Editor/2020.3.21f1/Editor/Data/Managed'
Mono path[1] = 'D:/Unity/Editor/2020.3.21f1/Editor/Data/MonoBleedingEdge/lib/mono/unityjit'
Mono config path = 'D:/Unity/Editor/2020.3.21f1/Editor/Data/MonoBleedingEdge/etc'
Using monoOptions --debugger-agent=transport=dt_socket,embedding=1,server=y,suspend=n,address=127.0.0.1:56044
Begin MonoManager ReloadAssembly
Registering precompiled unity dll's ...
Register platform support module: D:/Unity/Editor/2020.3.21f1/Editor/Data/PlaybackEngines/WindowsStandaloneSupport/UnityEditor.WindowsStandalone.Extensions.dll
Registered in 0.000487 seconds.
Native extension for WindowsStandalone target not found
Refreshing native plugins compatible for Editor in 36.41 ms, found 2 plugins.
Preloading 0 native plugins for Editor in 0.00 ms.
Mono: successfully reloaded assembly
- Completed reload, in  0.790 seconds
Domain Reload Profiling:
	ReloadAssembly (790ms)
		BeginReloadAssembly (33ms)
			ExecutionOrderSort (0ms)
			DisableScriptedObjects (0ms)
			BackupInstance (0ms)
			ReleaseScriptingObjects (0ms)
			CreateAndSetChildDomain (1ms)
		EndReloadAssembly (340ms)
			LoadAssemblies (32ms)
			RebuildTransferFunctionScriptingTraits (0ms)
			SetupTypeCache (112ms)
			ReleaseScriptCaches (0ms)
			RebuildScriptCaches (28ms)
			SetupLoadedEditorAssemblies (131ms)
				LogAssemblyErrors (0ms)
				InitializePlatformSupportModulesInManaged (3ms)
				SetLoadedEditorAssemblies (0ms)
				RefreshPlugins (36ms)
				BeforeProcessingInitializeOnLoad (11ms)
				ProcessInitializeOnLoadAttributes (59ms)
				ProcessInitializeOnLoadMethodAttributes (21ms)
				AfterProcessingInitializeOnLoad (0ms)
				EditorAssembliesLoaded (0ms)
			ExecutionOrderSort2 (0ms)
			AwakeInstancesAfterBackupRestoration (0ms)
Platform modules already initialized, skipping
Registering precompiled user dll's ...
Registered in 0.001567 seconds.
Begin MonoManager ReloadAssembly
Native extension for WindowsStandalone target not found
Refreshing native plugins compatible for Editor in 0.38 ms, found 2 plugins.
Preloading 0 native plugins for Editor in 0.00 ms.
Mono: successfully reloaded assembly
- Completed reload, in  0.770 seconds
Domain Reload Profiling:
	ReloadAssembly (770ms)
		BeginReloadAssembly (99ms)
			ExecutionOrderSort (0ms)
			DisableScriptedObjects (4ms)
			BackupInstance (0ms)
			ReleaseScriptingObjects (0ms)
			CreateAndSetChildDomain (12ms)
		EndReloadAssembly (631ms)
			LoadAssemblies (58ms)
			RebuildTransferFunctionScriptingTraits (0ms)
			SetupTypeCache (206ms)
			ReleaseScriptCaches (1ms)
			RebuildScriptCaches (62ms)
			SetupLoadedEditorAssemblies (234ms)
				LogAssemblyErrors (0ms)
				InitializePlatformSupportModulesInManaged (4ms)
				SetLoadedEditorAssemblies (0ms)
				RefreshPlugins (0ms)
				BeforeProcessingInitializeOnLoad (58ms)
				ProcessInitializeOnLoadAttributes (163ms)
				ProcessInitializeOnLoadMethodAttributes (6ms)
				AfterProcessingInitializeOnLoad (1ms)
				EditorAssembliesLoaded (0ms)
			ExecutionOrderSort2 (0ms)
			AwakeInstancesAfterBackupRestoration (5ms)
Platform modules already initialized, skipping
========================================================================
Worker process is ready to serve import requests
Launched and connected shader compiler UnityShaderCompiler.exe after 0.03 seconds
Refreshing native plugins compatible for Editor in 0.60 ms, found 2 plugins.
Preloading 0 native plugins for Editor in 0.00 ms.
Unloading 2258 Unused Serialized files (Serialized files now loaded: 0)
System memory in use before: 128.2 MB.
System memory in use after: 128.3 MB.

Unloading 19 unused Assets to reduce memory usage. Loaded Objects now: 2693.
Total: 3.137085 ms (FindLiveObjects: 0.354553 ms CreateObjectMapping: 0.158189 ms MarkObjects: 2.559969 ms  DeleteObjects: 0.063375 ms)

AssetImportParameters requested are different than current active one (requested -> active):
  custom:framework-win-MediaFoundation: 216162199b28c13a410421893ffa2e32 -> 
  custom:video-decoder-ogg-theora: a1e56fd34408186e4bbccfd4996cb3dc -> 
  custom:container-muxer-webm: aa71ff27fc2769a1b78a27578f13a17b -> 
  custom:container-demuxer-webm: 4f35f7cbe854078d1ac9338744f61a02 -> 
  custom:container-demuxer-ogg: 62fdf1f143b41e24485cea50d1cbac27 -> 
  custom:video-encoder-webm-vp8: eb34c28f22e8b96e1ab97ce403110664 -> 
  custom:video-decoder-webm-vp8: 9c59270c3fd7afecdb556c50c9e8de78 -> 
  custom:audio-decoder-ogg-vorbis: bf7c407c2cedff20999df2af8eb42d56 -> 
  custom:audio-encoder-webm-vorbis: bf7c407c2cedff20999df2af8eb42d56 -> 
========================================================================
Received Import Request.
  path: Assets/Scan_Test.shader
  artifactKey: Guid(4aac19bb8a0e037478126d099c87b308) Importer(815301076,1909f56bfc062723c751e8b465ee728b)
Start importing Assets/Scan_Test.shader using Guid(4aac19bb8a0e037478126d099c87b308) Importer(815301076,1909f56bfc062723c751e8b465ee728b)  -> (artifact id: '043a169d86780e4513e893a747882584') in 0.056172 seconds 
  Import took 0.096681 seconds .

========================================================================
Received Import Request.
  Time since last request: 13.844359 seconds.
  path: Assets/Scenes/SampleScene.unity
  artifactKey: Guid(9fc0d4010bbf28b4594072e72b8655ab) Importer(815301076,1909f56bfc062723c751e8b465ee728b)
Start importing Assets/Scenes/SampleScene.unity using Guid(9fc0d4010bbf28b4594072e72b8655ab) Importer(815301076,1909f56bfc062723c751e8b465ee728b)  -> (artifact id: 'dc55efcdb55b15e6c4dec0adcf69d842') in 0.002191 seconds 
  Import took 0.015559 seconds .

========================================================================
Received Import Request.
  Time since last request: 517.686120 seconds.
  path: Assets/Scan_Test.shader
  artifactKey: Guid(4aac19bb8a0e037478126d099c87b308) Importer(815301076,1909f56bfc062723c751e8b465ee728b)
Start importing Assets/Scan_Test.shader using Guid(4aac19bb8a0e037478126d099c87b308) Importer(815301076,1909f56bfc062723c751e8b465ee728b)  -> (artifact id: 'b4ce9ea5a232969ac89699a80e6b2a76') in 0.002462 seconds 
  Import took 0.006931 seconds .

========================================================================
Received Import Request.
  Time since last request: 3.904143 seconds.
  path: Assets/Scan_Test.shader
  artifactKey: Guid(4aac19bb8a0e037478126d099c87b308) Importer(815301076,1909f56bfc062723c751e8b465ee728b)
Start importing Assets/Scan_Test.shader using Guid(4aac19bb8a0e037478126d099c87b308) Importer(815301076,1909f56bfc062723c751e8b465ee728b)  -> (artifact id: 'a5d6ced5a6620f3ecb05526eeccd7a1f') in 0.001669 seconds 
  Import took 0.004616 seconds .

========================================================================
Received Import Request.
  Time since last request: 86.071077 seconds.
  path: Assets/Scan_Test.shader
  artifactKey: Guid(4aac19bb8a0e037478126d099c87b308) Importer(815301076,1909f56bfc062723c751e8b465ee728b)
Start importing Assets/Scan_Test.shader using Guid(4aac19bb8a0e037478126d099c87b308) Importer(815301076,1909f56bfc062723c751e8b465ee728b)  -> (artifact id: 'b2f53e8ff57f14b56b6dfb30a8c3ffa3') in 0.002126 seconds 
  Import took 0.015329 seconds .

========================================================================
Received Import Request.
  Time since last request: 277.907561 seconds.
  path: Assets/Scan_Test.shader
  artifactKey: Guid(4aac19bb8a0e037478126d099c87b308) Importer(815301076,1909f56bfc062723c751e8b465ee728b)
Start importing Assets/Scan_Test.shader using Guid(4aac19bb8a0e037478126d099c87b308) Importer(815301076,1909f56bfc062723c751e8b465ee728b)  -> (artifact id: 'd0102ae96f044489f8031ea46aac41e3') in 0.001626 seconds 
  Import took 0.004596 seconds .

========================================================================
Received Import Request.
  Time since last request: 29.180154 seconds.
  path: Assets/Scan_Test.shader
  artifactKey: Guid(4aac19bb8a0e037478126d099c87b308) Importer(815301076,1909f56bfc062723c751e8b465ee728b)
Start importing Assets/Scan_Test.shader using Guid(4aac19bb8a0e037478126d099c87b308) Importer(815301076,1909f56bfc062723c751e8b465ee728b)  -> (artifact id: '69b0f5444de3546099e9633456656a85') in 0.001352 seconds 
  Import took 0.004332 seconds .

========================================================================
Received Import Request.
  Time since last request: 109.508738 seconds.
  path: Assets/Scan_Test.shader
  artifactKey: Guid(4aac19bb8a0e037478126d099c87b308) Importer(815301076,1909f56bfc062723c751e8b465ee728b)
Start importing Assets/Scan_Test.shader using Guid(4aac19bb8a0e037478126d099c87b308) Importer(815301076,1909f56bfc062723c751e8b465ee728b)  -> (artifact id: 'adedcff223cd3356d34d7e41b88a13e9') in 0.001563 seconds 
  Import took 0.005430 seconds .

AssetImportWorkerClient::OnTransportError - code=2 error=End of file
